[2021-05-07 15:27:09 KITTIloader2012.py:34] INFO     ['000004_10.png', '000005_10.png', '000006_10.png', '000009_10.png', '000020_10.png', '000021_10.png', '000029_10.png', '000035_10.png', '000040_10.png', '000055_10.png', '000056_10.png', '000058_10.png', '000062_10.png', '000063_10.png', '000066_10.png', '000071_10.png', '000072_10.png', '000075_10.png', '000076_10.png', '000083_10.png', '000084_10.png', '000086_10.png', '000089_10.png', '000099_10.png', '000104_10.png', '000111_10.png', '000119_10.png', '000127_10.png', '000128_10.png', '000131_10.png', '000158_10.png', '000164_10.png', '000172_10.png', '000191_10.png']
[2021-05-07 15:27:09 finetune.py:89] INFO     channels_3d: 4
[2021-05-07 15:27:09 finetune.py:89] INFO     datapath: /home/zakariya/kitti2012/training/
[2021-05-07 15:27:09 finetune.py:89] INFO     datatype: 2012
[2021-05-07 15:27:09 finetune.py:89] INFO     epochs: 300
[2021-05-07 15:27:09 finetune.py:89] INFO     evaluate: True
[2021-05-07 15:27:09 finetune.py:89] INFO     growth_rate: [4, 1, 1]
[2021-05-07 15:27:09 finetune.py:89] INFO     init_channels: 1
[2021-05-07 15:27:09 finetune.py:89] INFO     layers_3d: 4
[2021-05-07 15:27:09 finetune.py:89] INFO     loss_weights: [0.25, 0.5, 1.0, 1.0]
[2021-05-07 15:27:09 finetune.py:89] INFO     lr: 0.0005
[2021-05-07 15:27:09 finetune.py:89] INFO     max_disparity: 192
[2021-05-07 15:27:09 finetune.py:89] INFO     maxdisp: 192
[2021-05-07 15:27:09 finetune.py:89] INFO     maxdisplist: [12, 3, 3]
[2021-05-07 15:27:09 finetune.py:89] INFO     nblocks: 2
[2021-05-07 15:27:09 finetune.py:89] INFO     pretrained: checkpoint/kitti2012_ck/checkpoint.tar
[2021-05-07 15:27:09 finetune.py:89] INFO     print_freq: 5
[2021-05-07 15:27:09 finetune.py:89] INFO     resume: None
[2021-05-07 15:27:09 finetune.py:89] INFO     save_path: results/kitti2012_no_spn
[2021-05-07 15:27:09 finetune.py:89] INFO     split_file: checkpoint/kitti2012_ck/split.txt
[2021-05-07 15:27:09 finetune.py:89] INFO     spn_init_channels: 8
[2021-05-07 15:27:09 finetune.py:89] INFO     start_epoch_for_spn: 121
[2021-05-07 15:27:09 finetune.py:89] INFO     test_bsize: 8
[2021-05-07 15:27:09 finetune.py:89] INFO     train_bsize: 6
[2021-05-07 15:27:09 finetune.py:89] INFO     with_spn: False
[2021-05-07 15:27:18 finetune.py:94] INFO     Number of model parameters: 34629
[2021-05-07 15:27:18 finetune.py:101] INFO     => loaded pretrained model 'checkpoint/kitti2012_ck/checkpoint.tar'
[2021-05-07 15:27:18 finetune.py:118] INFO     Not Resume
[2021-05-07 15:27:22 finetune.py:212] INFO     [0/5] Stage 0 = 0.1342(0.1342)	Stage 1 = 0.2051(0.2051)	Stage 2 = 0.0882(0.0882)
[2021-05-07 15:27:22 finetune.py:212] INFO     [1/5] Stage 0 = 0.1505(0.1424)	Stage 1 = 0.2002(0.2026)	Stage 2 = 0.1020(0.0951)
[2021-05-07 15:27:22 finetune.py:212] INFO     [2/5] Stage 0 = 0.1078(0.1309)	Stage 1 = 0.1811(0.1955)	Stage 2 = 0.0744(0.0882)
[2021-05-07 15:27:22 finetune.py:212] INFO     [3/5] Stage 0 = 0.1602(0.1382)	Stage 1 = 0.2124(0.1997)	Stage 2 = 0.1154(0.0950)
[2021-05-07 15:27:23 finetune.py:212] INFO     [4/5] Stage 0 = 0.1849(0.1475)	Stage 1 = 0.2134(0.2024)	Stage 2 = 0.1224(0.1005)
[2021-05-07 15:27:23 finetune.py:215] INFO     Average test 3-Pixel Error = Stage 0=0.1475, Stage 1=0.2024, Stage 2=0.1005
