[2021-06-14 11:02:24 apply.py:98] INFO     (3,)
[2021-06-14 11:02:24 apply.py:103] INFO     output_0 : tensor([[175.8910, 175.8910, 175.8910,  ..., 159.8454, 159.8454, 159.8454],
        [175.8910, 175.8910, 175.8910,  ..., 159.8454, 159.8454, 159.8454],
        [175.8910, 175.8910, 175.8910,  ..., 159.8454, 159.8454, 159.8454],
        ...,
        [175.8671, 175.8671, 175.8671,  ..., 175.9574, 175.9574, 175.9574],
        [175.8671, 175.8671, 175.8671,  ..., 175.9574, 175.9574, 175.9574],
        [175.8671, 175.8671, 175.8671,  ..., 175.9574, 175.9574, 175.9574]],
       device='cuda:0')
[2021-06-14 11:02:30 apply.py:98] INFO     (3,)
[2021-06-14 11:02:30 apply.py:103] INFO     output_0 : tensor([[175.8910, 175.8910, 175.8910,  ..., 159.8454, 159.8454, 159.8454],
        [175.8910, 175.8910, 175.8910,  ..., 159.8454, 159.8454, 159.8454],
        [175.8910, 175.8910, 175.8910,  ..., 159.8454, 159.8454, 159.8454],
        ...,
        [175.8671, 175.8671, 175.8671,  ..., 175.9574, 175.9574, 175.9574],
        [175.8671, 175.8671, 175.8671,  ..., 175.9574, 175.9574, 175.9574],
        [175.8671, 175.8671, 175.8671,  ..., 175.9574, 175.9574, 175.9574]],
       device='cuda:0')
[2021-06-14 11:03:51 apply.py:98] INFO     (3,)
[2021-06-14 11:03:51 apply.py:103] INFO     output_0 : tensor([[175.8910, 175.8910, 175.8910,  ..., 159.8454, 159.8454, 159.8454],
        [175.8910, 175.8910, 175.8910,  ..., 159.8454, 159.8454, 159.8454],
        [175.8910, 175.8910, 175.8910,  ..., 159.8454, 159.8454, 159.8454],
        ...,
        [175.8671, 175.8671, 175.8671,  ..., 175.9574, 175.9574, 175.9574],
        [175.8671, 175.8671, 175.8671,  ..., 175.9574, 175.9574, 175.9574],
        [175.8671, 175.8671, 175.8671,  ..., 175.9574, 175.9574, 175.9574]],
       device='cuda:0')
[2021-06-14 11:04:58 apply.py:98] INFO     (3,)
[2021-06-14 11:04:58 apply.py:103] INFO     output_0 : tensor([[175.8910, 175.8910, 175.8910,  ..., 159.8454, 159.8454, 159.8454],
        [175.8910, 175.8910, 175.8910,  ..., 159.8454, 159.8454, 159.8454],
        [175.8910, 175.8910, 175.8910,  ..., 159.8454, 159.8454, 159.8454],
        ...,
        [175.8671, 175.8671, 175.8671,  ..., 175.9574, 175.9574, 175.9574],
        [175.8671, 175.8671, 175.8671,  ..., 175.9574, 175.9574, 175.9574],
        [175.8671, 175.8671, 175.8671,  ..., 175.9574, 175.9574, 175.9574]],
       device='cuda:0')
[2021-06-14 13:36:56 apply.py:98] INFO     (3,)
[2021-06-14 13:36:56 apply.py:103] INFO     output_0 : tensor([[173.8650, 173.8650, 173.8650,  ..., 172.5450, 172.5450, 172.5450],
        [173.8650, 173.8650, 173.8650,  ..., 172.5450, 172.5450, 172.5450],
        [173.8650, 173.8650, 173.8650,  ..., 172.5450, 172.5450, 172.5450],
        ...,
        [175.1389, 175.1389, 175.1389,  ..., 173.7593, 173.7593, 173.7593],
        [175.1389, 175.1389, 175.1389,  ..., 173.7593, 173.7593, 173.7593],
        [175.1389, 175.1389, 175.1389,  ..., 173.7593, 173.7593, 173.7593]],
       device='cuda:0')
[2021-06-14 13:42:04 apply.py:98] INFO     (3,)
[2021-06-14 13:42:04 apply.py:103] INFO     output_0 : tensor([[173.8650, 173.8650, 173.8650,  ..., 172.5450, 172.5450, 172.5450],
        [173.8650, 173.8650, 173.8650,  ..., 172.5450, 172.5450, 172.5450],
        [173.8650, 173.8650, 173.8650,  ..., 172.5450, 172.5450, 172.5450],
        ...,
        [175.1389, 175.1389, 175.1389,  ..., 173.7593, 173.7593, 173.7593],
        [175.1389, 175.1389, 175.1389,  ..., 173.7593, 173.7593, 173.7593],
        [175.1389, 175.1389, 175.1389,  ..., 173.7593, 173.7593, 173.7593]],
       device='cuda:0')
[2021-06-14 13:53:01 apply.py:98] INFO     (3,)
[2021-06-14 13:53:01 apply.py:103] INFO     output_0 : tensor([[103.3114, 103.3114, 103.3114,  ..., 129.1979, 129.1979, 129.1979],
        [103.3114, 103.3114, 103.3114,  ..., 129.1979, 129.1979, 129.1979],
        [103.3114, 103.3114, 103.3114,  ..., 129.1979, 129.1979, 129.1979],
        ...,
        [105.7668, 105.7668, 105.7668,  ..., 145.2590, 145.2590, 145.2590],
        [105.7668, 105.7668, 105.7668,  ..., 145.2590, 145.2590, 145.2590],
        [105.7668, 105.7668, 105.7668,  ..., 145.2590, 145.2590, 145.2590]],
       device='cuda:0')
[2021-06-14 14:03:35 app.py:99] INFO     (3,)
[2021-06-14 14:03:35 app.py:104] INFO     output_0 : tensor([[13.2443, 13.2443, 13.2443,  ..., 76.0010, 76.0010, 76.0010],
        [13.2443, 13.2443, 13.2443,  ..., 76.0010, 76.0010, 76.0010],
        [13.2443, 13.2443, 13.2443,  ..., 76.0010, 76.0010, 76.0010],
        ...,
        [29.6986, 29.6986, 29.6986,  ..., 50.7482, 50.7482, 50.7482],
        [29.6986, 29.6986, 29.6986,  ..., 50.7482, 50.7482, 50.7482],
        [29.6986, 29.6986, 29.6986,  ..., 50.7482, 50.7482, 50.7482]],
       device='cuda:0')
[2021-06-14 14:16:23 apply.py:98] INFO     (3,)
[2021-06-14 14:16:23 apply.py:103] INFO     output_0 : tensor([[105.4207, 105.4207, 105.4207,  ..., 130.6878, 130.6878, 130.6878],
        [105.4207, 105.4207, 105.4207,  ..., 130.6878, 130.6878, 130.6878],
        [105.4207, 105.4207, 105.4207,  ..., 130.6878, 130.6878, 130.6878],
        ...,
        [108.3111, 108.3111, 108.3111,  ..., 145.5249, 145.5249, 145.5249],
        [108.3111, 108.3111, 108.3111,  ..., 145.5249, 145.5249, 145.5249],
        [108.3111, 108.3111, 108.3111,  ..., 145.5249, 145.5249, 145.5249]],
       device='cuda:0')
